2025-12-27T14:33:20.6320549+08:00  [INF] User profile is available. Using '"C:\Users\user\AppData\Local\ASP.NET\DataProtection-Keys"' as key repository and Windows DPAPI to encrypt keys at rest. (7ac5e29c)
2025-12-27T14:33:20.9618207+08:00  [INF] Now listening on: "https://localhost:7252" (d826f4b8)
2025-12-27T14:33:20.9637852+08:00  [INF] Now listening on: "http://localhost:5183" (d826f4b8)
2025-12-27T14:33:21.0407257+08:00  [INF] Application started. Press Ctrl+C to shut down. (dcaefe54)
2025-12-27T14:33:21.0430240+08:00  [INF] Hosting environment: "Development" (bc5a1a4e)
2025-12-27T14:33:21.0451652+08:00  [INF] Content root path: "D:\Jason_codespace\LoginDotnet\LoginDotnet" (cc26f24e)
2025-12-27T14:33:40.3667807+08:00 0HNI527FR6D7U:00000001 [INF] Request starting "HTTP/1.1" "POST" "https"://"localhost:7252""""/api/Account/register""" - "application/json" 187 (d509f86a)
2025-12-27T14:33:40.4464878+08:00 0HNI527FR6D7U:00000001 [INF] Executing endpoint '"LoginDotnet.Controllers.AccountController.Register (LoginDotnet)"' (500cc934)
2025-12-27T14:33:40.4795489+08:00 0HNI527FR6D7U:00000001 [INF] Route matched with "{action = \"Register\", controller = \"Account\"}". Executing controller action with signature "System.Threading.Tasks.Task`1[Microsoft.AspNetCore.Mvc.IActionResult] Register(LoginDotnet.Models.Dtos.RegisterDto)" on controller "LoginDotnet.Controllers.AccountController" ("LoginDotnet"). (122b2fdf)
2025-12-27T14:33:41.8365003+08:00 0HNI527FR6D7U:00000001 [INF] Executed DbCommand ("46"ms) [Parameters=["@normalizedEmail='?' (Size = 256)"], CommandType='Text', CommandTimeout='30']"
""SELECT TOP(2) [a].[Id], [a].[AccessFailedCount], [a].[ConcurrencyStamp], [a].[DateOfBirth], [a].[Email], [a].[EmailConfirmed], [a].[FirstName], [a].[FullName], [a].[LastName], [a].[LockoutEnabled], [a].[LockoutEnd], [a].[NormalizedEmail], [a].[NormalizedUserName], [a].[PasswordHash], [a].[PhoneNumber], [a].[PhoneNumberConfirmed], [a].[ProfilePictureUrl], [a].[SecurityStamp], [a].[TwoFactorEnabled], [a].[UserName]
FROM [AspNetUsers] AS [a]
WHERE [a].[NormalizedEmail] = @normalizedEmail" (0723d8ff)
2025-12-27T14:33:42.0847560+08:00 0HNI527FR6D7U:00000001 [ERR] Error occurred during user registration (f5cd5f7d)
System.Exception: User with this email already exists
   at LoginDotnet.Services.Implementations.AccountService.Register(RegisterDto userDto) in D:\Jason_codespace\LoginDotnet\LoginDotnet\Services\Implementations\AccountService.cs:line 31
   at LoginDotnet.Controllers.AccountController.Register(RegisterDto userdto) in D:\Jason_codespace\LoginDotnet\LoginDotnet\Controllers\AccountController.cs:line 54
2025-12-27T14:33:42.0942523+08:00 0HNI527FR6D7U:00000001 [INF] Executing "BadRequestObjectResult", writing value of type '"LoginDotnet.Models.ViewModels.ErrorViewModel"'. (605b4265)
2025-12-27T14:33:42.1016061+08:00 0HNI527FR6D7U:00000001 [INF] Executed action "LoginDotnet.Controllers.AccountController.Register (LoginDotnet)" in 1618.226ms (afa2e885)
2025-12-27T14:33:42.1022114+08:00 0HNI527FR6D7U:00000001 [INF] Executed endpoint '"LoginDotnet.Controllers.AccountController.Register (LoginDotnet)"' (99874f2b)
2025-12-27T14:33:42.1124666+08:00 0HNI527FR6D7U:00000001 [INF] Request finished "HTTP/1.1" "POST" "https"://"localhost:7252""""/api/Account/register""" - 400 null "application/json; charset=utf-8" 1753.1578ms (74253ad3)
